{
  "RSpec": {
    "coverage": {
      "/acars_api/app/interactors/create_aircraft_model.rb": {
        "lines": [
          null,
          null,
          1,
          1,
          null,
          1,
          8,
          null,
          4,
          null,
          null,
          1,
          null,
          1,
          8,
          null,
          null
        ]
      },
      "/acars_api/spec/interactors/find_aircraft_model_spec.rb": {
        "lines": [
          null,
          null,
          1,
          null,
          1,
          2,
          null,
          2,
          null,
          2,
          null,
          1,
          1,
          1,
          1,
          1,
          null,
          null,
          null,
          null,
          null,
          null,
          null,
          null,
          null,
          null,
          null,
          null,
          null
        ]
      },
      "/acars_api/app/interactors/find_aircraft_model.rb": {
        "lines": [
          null,
          null,
          1,
          1,
          null,
          1,
          7,
          null,
          3,
          null,
          null,
          1,
          null,
          1,
          7,
          null,
          null
        ]
      },
      "/acars_api/spec/models/aircraft_model_spec.rb": {
        "lines": [
          null,
          null,
          null,
          null,
          null,
          null,
          null,
          null,
          null,
          null,
          null,
          null,
          1,
          null,
          1,
          1,
          6,
          null,
          2,
          2,
          2,
          2,
          2,
          null,
          null
        ]
      },
      "/acars_api/app/models/aircraft_model.rb": {
        "lines": [
          null,
          null,
          null,
          null,
          null,
          null,
          null,
          null,
          null,
          null,
          null,
          null,
          1,
          1,
          1,
          null
        ]
      },
      "/acars_api/app/models/application_record.rb": {
        "lines": [
          null,
          null,
          1,
          1,
          null
        ]
      },
      "/acars_api/spec/models/airport_spec.rb": {
        "lines": [
          null,
          null,
          null,
          null,
          null,
          null,
          null,
          null,
          null,
          null,
          null,
          null,
          null,
          null,
          1,
          null,
          1,
          1,
          10,
          null,
          2,
          2,
          2,
          2,
          2,
          2,
          2,
          2,
          2,
          null,
          null
        ]
      },
      "/acars_api/app/models/airport.rb": {
        "lines": [
          null,
          null,
          null,
          null,
          null,
          null,
          null,
          null,
          null,
          null,
          null,
          null,
          null,
          null,
          1,
          1,
          1,
          1,
          1,
          null
        ]
      },
      "/acars_api/spec/models/country_spec.rb": {
        "lines": [
          null,
          null,
          null,
          null,
          null,
          null,
          null,
          null,
          null,
          null,
          null,
          1,
          null,
          1,
          2,
          2,
          null
        ]
      },
      "/acars_api/app/models/country.rb": {
        "lines": [
          null,
          null,
          null,
          null,
          null,
          null,
          null,
          null,
          null,
          null,
          null,
          1,
          1,
          null
        ]
      },
      "/acars_api/spec/models/rating_spec.rb": {
        "lines": [
          null,
          null,
          null,
          null,
          null,
          null,
          null,
          null,
          null,
          null,
          null,
          null,
          null,
          1,
          null,
          1,
          2,
          2,
          2,
          null
        ]
      },
      "/acars_api/app/models/rating.rb": {
        "lines": [
          null,
          null,
          null,
          null,
          null,
          null,
          null,
          null,
          null,
          null,
          null,
          null,
          null,
          1,
          1,
          1,
          null
        ]
      },
      "/acars_api/spec/requests/aircraft_models_spec.rb": {
        "lines": [
          null,
          null,
          1,
          null,
          1,
          1,
          1,
          1,
          1,
          null,
          null,
          null,
          1,
          4,
          null,
          1,
          4,
          null,
          1,
          1,
          null,
          null,
          1,
          1,
          null,
          null,
          1,
          1,
          1,
          null,
          1,
          1,
          null,
          null,
          null,
          1,
          4,
          null,
          1,
          1,
          null,
          null,
          1,
          1,
          null,
          null,
          1,
          1,
          null,
          null,
          null,
          null,
          1,
          7,
          4,
          null,
          1,
          1,
          3,
          null,
          null,
          null,
          1,
          1,
          null,
          null,
          1,
          1,
          1,
          null,
          null,
          1,
          1,
          1,
          null,
          1,
          1,
          null,
          null,
          null,
          1,
          1,
          3,
          null,
          null,
          null,
          1,
          1,
          null,
          null,
          1,
          1,
          1,
          null,
          null,
          1,
          1,
          null,
          null,
          null,
          null
        ]
      },
      "/acars_api/app/controllers/aircraft_models_controller.rb": {
        "lines": [
          null,
          null,
          1,
          1,
          1,
          null,
          1,
          null,
          null,
          1,
          6,
          null,
          6,
          3,
          3,
          null,
          3,
          null,
          null,
          null,
          1,
          6,
          null,
          6,
          3,
          3,
          null,
          3,
          null,
          null,
          null,
          1,
          null,
          1,
          6,
          null,
          null,
          1,
          12,
          null,
          null
        ]
      },
      "/acars_api/app/controllers/application_controller.rb": {
        "lines": [
          null,
          null,
          1,
          null
        ]
      },
      "/acars_api/app/interactors/list_aircraft_model.rb": {
        "lines": [
          null,
          null,
          1,
          1,
          null,
          1,
          1,
          null,
          null,
          1,
          null,
          1,
          1,
          null,
          null
        ]
      },
      "/acars_api/app/serializers/aircraft_model_serializer.rb": {
        "lines": [
          null,
          null,
          1,
          1,
          null
        ]
      },
      "/acars_api/app/serializers/base_serializer.rb": {
        "lines": [
          null,
          null,
          1,
          1,
          null
        ]
      },
      "/acars_api/app/organizers/update_aircraft_model_organizer.rb": {
        "lines": [
          null,
          null,
          1,
          1,
          null,
          1,
          null
        ]
      },
      "/acars_api/app/interactors/update_aircraft_model.rb": {
        "lines": [
          null,
          null,
          1,
          1,
          null,
          1,
          3,
          null,
          0,
          null,
          null,
          1,
          null,
          1,
          3,
          null,
          null
        ]
      }
    },
    "timestamp": 1658804049
  }
}
