{
  "RSpec": {
    "coverage": {
      "/acars_api/app/controllers/aircraft_models_controller.rb": {
        "lines": [
          null,
          null,
          1,
          1,
          1,
          null,
          1,
          null,
          null,
          1,
          6,
          null,
          6,
          3,
          3,
          null,
          3,
          null,
          null,
          null,
          1,
          6,
          null,
          6,
          3,
          3,
          null,
          3,
          null,
          null,
          null,
          1,
          null,
          null,
          null,
          1,
          null,
          1,
          6,
          null,
          null,
          1,
          12,
          null,
          null
        ]
      },
      "/acars_api/app/controllers/application_controller.rb": {
        "lines": [
          null,
          null,
          1,
          null
        ]
      },
      "/acars_api/app/interactors/list_aircraft_model.rb": {
        "lines": [
          null,
          null,
          1,
          1,
          null,
          1,
          1,
          null,
          null,
          1,
          null,
          1,
          1,
          null,
          null
        ]
      },
      "/acars_api/app/serializers/aircraft_model_serializer.rb": {
        "lines": [
          null,
          null,
          1,
          1,
          null
        ]
      },
      "/acars_api/app/serializers/base_serializer.rb": {
        "lines": [
          null,
          null,
          1,
          1,
          null
        ]
      },
      "/acars_api/app/models/aircraft_model.rb": {
        "lines": [
          null,
          null,
          null,
          null,
          null,
          null,
          null,
          null,
          null,
          null,
          null,
          null,
          1,
          1,
          1,
          null
        ]
      },
      "/acars_api/app/models/application_record.rb": {
        "lines": [
          null,
          null,
          1,
          1,
          null
        ]
      },
      "/acars_api/app/interactors/create_aircraft_model.rb": {
        "lines": [
          null,
          null,
          1,
          1,
          null,
          1,
          6,
          null,
          3,
          null,
          null,
          1,
          null,
          1,
          6,
          null,
          null
        ]
      },
      "/acars_api/app/organizers/update_aircraft_model_organizer.rb": {
        "lines": [
          null,
          null,
          1,
          1,
          null,
          1,
          null
        ]
      },
      "/acars_api/app/interactors/find_aircraft_model.rb": {
        "lines": [
          null,
          null,
          1,
          1,
          null,
          1,
          6,
          null,
          3,
          null,
          null,
          1,
          null,
          1,
          6,
          null,
          null
        ]
      },
      "/acars_api/app/interactors/update_aircraft_model.rb": {
        "lines": [
          null,
          null,
          1,
          1,
          null,
          1,
          3,
          null,
          0,
          null,
          null,
          1,
          null,
          1,
          3,
          null,
          null
        ]
      }
    },
    "timestamp": 1658883036
  }
}
